# JRE version: Java(TM) SE Runtime Environment (11.0.2+9) (build 11.0.2+9-LTS)
# Java VM: Java HotSpot(TM) 64-Bit Server VM (11.0.2+9-LTS, mixed mode, tiered, compressed oops, g1 gc, bsd-amd64)
Heap:
 garbage-first heap   total 131072K, used 34949K [0x0000000780000000, 0x0000000800000000)
  region size 1024K, 28 young (28672K), 7 survivors (7168K)
 Metaspace       used 25583K, capacity 26361K, committed 26544K, reserved 1073152K
  class space    used 3103K, capacity 3482K, committed 3584K, reserved 1048576K
GC Heap History (6 events):
Event: 0.637 GC heap before
{Heap before GC invocations=0 (full 0):
 garbage-first heap   total 131072K, used 14336K [0x0000000780000000, 0x0000000800000000)
  region size 1024K, 14 young (14336K), 0 survivors (0K)
 Metaspace       used 8904K, capacity 9185K, committed 9472K, reserved 1058816K
  class space    used 885K, capacity 1004K, committed 1024K, reserved 1048576K
}
Event: 0.640 GC heap after
{Heap after GC invocations=1 (full 0):
 garbage-first heap   total 131072K, used 1774K [0x0000000780000000, 0x0000000800000000)
  region size 1024K, 2 young (2048K), 2 survivors (2048K)
 Metaspace       used 8904K, capacity 9185K, committed 9472K, reserved 1058816K
  class space    used 885K, capacity 1004K, committed 1024K, reserved 1048576K
}
Event: 3.051 GC heap before
{Heap before GC invocations=1 (full 0):
 garbage-first heap   total 131072K, used 79598K [0x0000000780000000, 0x0000000800000000)
  region size 1024K, 76 young (77824K), 2 survivors (2048K)
 Metaspace       used 18454K, capacity 19018K, committed 19328K, reserved 1067008K
  class space    used 2076K, capacity 2315K, committed 2432K, reserved 1048576K
}
Event: 3.059 GC heap after
{Heap after GC invocations=2 (full 0):
 garbage-first heap   total 131072K, used 7734K [0x0000000780000000, 0x0000000800000000)
  region size 1024K, 5 young (5120K), 5 survivors (5120K)
 Metaspace       used 18454K, capacity 19018K, committed 19328K, reserved 1067008K
  class space    used 2076K, capacity 2315K, committed 2432K, reserved 1048576K
}
Event: 3.256 GC heap before
{Heap before GC invocations=2 (full 0):
 garbage-first heap   total 131072K, used 18998K [0x0000000780000000, 0x0000000800000000)
  region size 1024K, 14 young (14336K), 5 survivors (5120K)
 Metaspace       used 20472K, capacity 21036K, committed 21296K, reserved 1069056K
  class space    used 2371K, capacity 2627K, committed 2688K, reserved 1048576K
}
Event: 3.264 GC heap after
{Heap after GC invocations=3 (full 0):
 garbage-first heap   total 131072K, used 12421K [0x0000000780000000, 0x0000000800000000)
  region size 1024K, 7 young (7168K), 7 survivors (7168K)
 Metaspace       used 20472K, capacity 21036K, committed 21296K, reserved 1069056K
  class space    used 2371K, capacity 2627K, committed 2688K, reserved 1048576K
}

